{"C:\\ĐỒ ÁN\\hospital-API-main\\src\\app.js":{"path":"C:\\ĐỒ ÁN\\hospital-API-main\\src\\app.js","statementMap":{"0":{"start":{"line":31,"column":16},"end":{"line":31,"column":72}},"1":{"start":{"line":33,"column":12},"end":{"line":33,"column":21}},"2":{"start":{"line":36,"column":0},"end":{"line":36,"column":25}},"3":{"start":{"line":39,"column":14},"end":{"line":45,"column":2}},"4":{"start":{"line":48,"column":42},"end":{"line":48,"column":48}},"5":{"start":{"line":49,"column":0},"end":{"line":61,"column":2}},"6":{"start":{"line":64,"column":0},"end":{"line":64,"column":34}},"7":{"start":{"line":67,"column":0},"end":{"line":67,"column":24}},"8":{"start":{"line":68,"column":0},"end":{"line":68,"column":48}},"9":{"start":{"line":71,"column":0},"end":{"line":71,"column":24}},"10":{"start":{"line":74,"column":0},"end":{"line":74,"column":18}},"11":{"start":{"line":77,"column":0},"end":{"line":77,"column":23}},"12":{"start":{"line":80,"column":0},"end":{"line":80,"column":26}},"13":{"start":{"line":82,"column":19},"end":{"line":89,"column":2}},"14":{"start":{"line":92,"column":0},"end":{"line":92,"column":20}},"15":{"start":{"line":95,"column":0},"end":{"line":95,"column":26}},"16":{"start":{"line":98,"column":0},"end":{"line":98,"column":36}},"17":{"start":{"line":101,"column":0},"end":{"line":101,"column":43}},"18":{"start":{"line":104,"column":0},"end":{"line":104,"column":41}},"19":{"start":{"line":108,"column":0},"end":{"line":108,"column":48}},"20":{"start":{"line":109,"column":0},"end":{"line":109,"column":57}},"21":{"start":{"line":113,"column":0},"end":{"line":113,"column":30}},"22":{"start":{"line":116,"column":0},"end":{"line":116,"column":22}}},"fnMap":{},"branchMap":{},"s":{"0":0,"1":0,"2":0,"3":0,"4":0,"5":0,"6":0,"7":0,"8":0,"9":0,"10":0,"11":0,"12":0,"13":0,"14":0,"15":0,"16":0,"17":0,"18":0,"19":0,"20":0,"21":0,"22":0},"f":{},"b":{},"all":true},"C:\\ĐỒ ÁN\\hospital-API-main\\src\\utils\\sendEmail.js":{"path":"C:\\ĐỒ ÁN\\hospital-API-main\\src\\utils\\sendEmail.js","statementMap":{"0":{"start":{"line":5,"column":33},"end":{"line":5,"column":39}},"1":{"start":{"line":7,"column":18},"end":{"line":34,"column":1}},"2":{"start":{"line":9,"column":22},"end":{"line":15,"column":4}},"3":{"start":{"line":18,"column":22},"end":{"line":24,"column":3}},"4":{"start":{"line":27,"column":2},"end":{"line":33,"column":3}},"5":{"start":{"line":28,"column":21},"end":{"line":28,"column":60}},"6":{"start":{"line":29,"column":4},"end":{"line":29,"column":58}},"7":{"start":{"line":30,"column":4},"end":{"line":30,"column":20}},"8":{"start":{"line":32,"column":4},"end":{"line":32,"column":57}}},"fnMap":{"0":{"name":"(anonymous_0)","decl":{"start":{"line":7,"column":18},"end":{"line":7,"column":19}},"loc":{"start":{"line":7,"column":52},"end":{"line":34,"column":1}},"line":7}},"branchMap":{},"s":{"0":0,"1":0,"2":0,"3":0,"4":0,"5":0,"6":0,"7":0,"8":0},"f":{"0":0},"b":{},"all":true},"C:\\ĐỒ ÁN\\hospital-API-main\\src\\helpers\\tokenDecode.js":{"path":"C:\\ĐỒ ÁN\\hospital-API-main\\src\\helpers\\tokenDecode.js","statementMap":{"0":{"start":{"line":4,"column":46},"end":{"line":4,"column":52}},"1":{"start":{"line":6,"column":24},"end":{"line":13,"column":1}},"2":{"start":{"line":7,"column":2},"end":{"line":12,"column":3}},"3":{"start":{"line":8,"column":20},"end":{"line":8,"column":54}},"4":{"start":{"line":9,"column":4},"end":{"line":9,"column":19}},"5":{"start":{"line":11,"column":4},"end":{"line":11,"column":16}},"6":{"start":{"line":15,"column":25},"end":{"line":22,"column":1}},"7":{"start":{"line":16,"column":2},"end":{"line":21,"column":3}},"8":{"start":{"line":17,"column":20},"end":{"line":17,"column":55}},"9":{"start":{"line":18,"column":4},"end":{"line":18,"column":19}},"10":{"start":{"line":20,"column":4},"end":{"line":20,"column":16}}},"fnMap":{"0":{"name":"(anonymous_0)","decl":{"start":{"line":6,"column":24},"end":{"line":6,"column":25}},"loc":{"start":{"line":6,"column":35},"end":{"line":13,"column":1}},"line":6},"1":{"name":"(anonymous_1)","decl":{"start":{"line":15,"column":25},"end":{"line":15,"column":26}},"loc":{"start":{"line":15,"column":36},"end":{"line":22,"column":1}},"line":15}},"branchMap":{},"s":{"0":0,"1":0,"2":0,"3":0,"4":0,"5":0,"6":0,"7":0,"8":0,"9":0,"10":0},"f":{"0":0,"1":0},"b":{},"all":true},"C:\\ĐỒ ÁN\\hospital-API-main\\src\\helpers\\token.js":{"path":"C:\\ĐỒ ÁN\\hospital-API-main\\src\\helpers\\token.js","statementMap":{"0":{"start":{"line":9,"column":4},"end":{"line":9,"column":10}},"1":{"start":{"line":11,"column":28},"end":{"line":16,"column":1}},"2":{"start":{"line":12,"column":16},"end":{"line":14,"column":4}},"3":{"start":{"line":15,"column":2},"end":{"line":15,"column":15}},"4":{"start":{"line":18,"column":29},"end":{"line":24,"column":1}},"5":{"start":{"line":19,"column":16},"end":{"line":21,"column":4}},"6":{"start":{"line":23,"column":2},"end":{"line":23,"column":15}}},"fnMap":{"0":{"name":"(anonymous_0)","decl":{"start":{"line":11,"column":28},"end":{"line":11,"column":29}},"loc":{"start":{"line":11,"column":41},"end":{"line":16,"column":1}},"line":11},"1":{"name":"(anonymous_1)","decl":{"start":{"line":18,"column":29},"end":{"line":18,"column":30}},"loc":{"start":{"line":18,"column":42},"end":{"line":24,"column":1}},"line":18}},"branchMap":{},"s":{"0":0,"1":0,"2":0,"3":0,"4":0,"5":0,"6":0},"f":{"0":0,"1":0},"b":{},"all":true},"C:\\ĐỒ ÁN\\hospital-API-main\\src\\helpers\\regenerateSession.js":{"path":"C:\\ĐỒ ÁN\\hospital-API-main\\src\\helpers\\regenerateSession.js","statementMap":{"0":{"start":{"line":2,"column":2},"end":{"line":10,"column":5}},"1":{"start":{"line":3,"column":4},"end":{"line":9,"column":7}},"2":{"start":{"line":4,"column":6},"end":{"line":8,"column":7}},"3":{"start":{"line":5,"column":8},"end":{"line":5,"column":20}},"4":{"start":{"line":7,"column":8},"end":{"line":7,"column":22}}},"fnMap":{"0":{"name":"regenerateSession","decl":{"start":{"line":1,"column":30},"end":{"line":1,"column":47}},"loc":{"start":{"line":1,"column":53},"end":{"line":11,"column":1}},"line":1},"1":{"name":"(anonymous_1)","decl":{"start":{"line":2,"column":21},"end":{"line":2,"column":22}},"loc":{"start":{"line":2,"column":42},"end":{"line":10,"column":3}},"line":2},"2":{"name":"(anonymous_2)","decl":{"start":{"line":3,"column":27},"end":{"line":3,"column":28}},"loc":{"start":{"line":3,"column":36},"end":{"line":9,"column":5}},"line":3}},"branchMap":{"0":{"loc":{"start":{"line":4,"column":6},"end":{"line":8,"column":7}},"type":"if","locations":[{"start":{"line":4,"column":6},"end":{"line":8,"column":7}},{"start":{"line":6,"column":13},"end":{"line":8,"column":7}}],"line":4}},"s":{"0":0,"1":0,"2":0,"3":0,"4":0},"f":{"0":0,"1":0,"2":0},"b":{"0":[0,0]},"all":true},"C:\\ĐỒ ÁN\\hospital-API-main\\src\\helpers\\encryptPassword.js":{"path":"C:\\ĐỒ ÁN\\hospital-API-main\\src\\helpers\\encryptPassword.js","statementMap":{"0":{"start":{"line":4,"column":24},"end":{"line":9,"column":1}},"1":{"start":{"line":5,"column":25},"end":{"line":5,"column":31}},"2":{"start":{"line":6,"column":15},"end":{"line":6,"column":40}},"3":{"start":{"line":7,"column":22},"end":{"line":7,"column":48}},"4":{"start":{"line":8,"column":2},"end":{"line":8,"column":21}}},"fnMap":{"0":{"name":"(anonymous_0)","decl":{"start":{"line":4,"column":24},"end":{"line":4,"column":25}},"loc":{"start":{"line":4,"column":44},"end":{"line":9,"column":1}},"line":4}},"branchMap":{},"s":{"0":0,"1":0,"2":0,"3":0,"4":0},"f":{"0":0},"b":{},"all":true},"C:\\ĐỒ ÁN\\hospital-API-main\\src\\helpers\\destroySession.js":{"path":"C:\\ĐỒ ÁN\\hospital-API-main\\src\\helpers\\destroySession.js","statementMap":{"0":{"start":{"line":2,"column":2},"end":{"line":10,"column":5}},"1":{"start":{"line":3,"column":4},"end":{"line":9,"column":7}},"2":{"start":{"line":4,"column":6},"end":{"line":8,"column":7}},"3":{"start":{"line":5,"column":8},"end":{"line":5,"column":20}},"4":{"start":{"line":7,"column":8},"end":{"line":7,"column":22}}},"fnMap":{"0":{"name":"destroySession","decl":{"start":{"line":1,"column":30},"end":{"line":1,"column":44}},"loc":{"start":{"line":1,"column":50},"end":{"line":11,"column":1}},"line":1},"1":{"name":"(anonymous_1)","decl":{"start":{"line":2,"column":21},"end":{"line":2,"column":22}},"loc":{"start":{"line":2,"column":42},"end":{"line":10,"column":3}},"line":2},"2":{"name":"(anonymous_2)","decl":{"start":{"line":3,"column":24},"end":{"line":3,"column":25}},"loc":{"start":{"line":3,"column":33},"end":{"line":9,"column":5}},"line":3}},"branchMap":{"0":{"loc":{"start":{"line":4,"column":6},"end":{"line":8,"column":7}},"type":"if","locations":[{"start":{"line":4,"column":6},"end":{"line":8,"column":7}},{"start":{"line":6,"column":13},"end":{"line":8,"column":7}}],"line":4}},"s":{"0":0,"1":0,"2":0,"3":0,"4":0},"f":{"0":0,"1":0,"2":0},"b":{"0":[0,0]},"all":true},"C:\\ĐỒ ÁN\\hospital-API-main\\src\\helpers\\decryptPassword.js":{"path":"C:\\ĐỒ ÁN\\hospital-API-main\\src\\helpers\\decryptPassword.js","statementMap":{"0":{"start":{"line":3,"column":24},"end":{"line":5,"column":1}},"1":{"start":{"line":4,"column":2},"end":{"line":4,"column":46}}},"fnMap":{"0":{"name":"(anonymous_0)","decl":{"start":{"line":3,"column":24},"end":{"line":3,"column":25}},"loc":{"start":{"line":3,"column":57},"end":{"line":5,"column":1}},"line":3}},"branchMap":{},"s":{"0":0,"1":0},"f":{"0":0},"b":{},"all":true},"C:\\ĐỒ ÁN\\hospital-API-main\\src\\config\\db.config.js":{"path":"C:\\ĐỒ ÁN\\hospital-API-main\\src\\config\\db.config.js","statementMap":{"0":{"start":{"line":4,"column":55},"end":{"line":4,"column":61}},"1":{"start":{"line":6,"column":25},"end":{"line":21,"column":1}},"2":{"start":{"line":7,"column":2},"end":{"line":20,"column":3}},"3":{"start":{"line":8,"column":4},"end":{"line":14,"column":7}},"4":{"start":{"line":15,"column":4},"end":{"line":15,"column":73}},"5":{"start":{"line":17,"column":4},"end":{"line":17,"column":47}},"6":{"start":{"line":18,"column":4},"end":{"line":18,"column":23}},"7":{"start":{"line":19,"column":4},"end":{"line":19,"column":20}}},"fnMap":{"0":{"name":"(anonymous_0)","decl":{"start":{"line":6,"column":25},"end":{"line":6,"column":26}},"loc":{"start":{"line":6,"column":37},"end":{"line":21,"column":1}},"line":6}},"branchMap":{},"s":{"0":0,"1":0,"2":0,"3":0,"4":0,"5":0,"6":0,"7":0},"f":{"0":0},"b":{},"all":true},"C:\\ĐỒ ÁN\\hospital-API-main\\src\\config\\config.js":{"path":"C:\\ĐỒ ÁN\\hospital-API-main\\src\\config\\config.js","statementMap":{"0":{"start":{"line":18,"column":4},"end":{"line":18,"column":15}},"1":{"start":{"line":20,"column":15},"end":{"line":37,"column":1}},"2":{"start":{"line":39,"column":0},"end":{"line":39,"column":22}}},"fnMap":{},"branchMap":{"0":{"loc":{"start":{"line":21,"column":8},"end":{"line":21,"column":28}},"type":"binary-expr","locations":[{"start":{"line":21,"column":8},"end":{"line":21,"column":20}},{"start":{"line":21,"column":24},"end":{"line":21,"column":28}}],"line":21}},"s":{"0":0,"1":0,"2":0},"f":{},"b":{"0":[0,0]},"all":true},"C:\\ĐỒ ÁN\\hospital-API-main\\src\\constants\\userRole.js":{"path":"C:\\ĐỒ ÁN\\hospital-API-main\\src\\constants\\userRole.js","statementMap":{"0":{"start":{"line":1,"column":18},"end":{"line":4,"column":1}},"1":{"start":{"line":6,"column":0},"end":{"line":6,"column":25}},"2":{"start":{"line":8,"column":18},"end":{"line":8,"column":40}}},"fnMap":{},"branchMap":{},"s":{"0":0,"1":0,"2":0},"f":{},"b":{},"all":true},"C:\\ĐỒ ÁN\\hospital-API-main\\src\\constants\\statusCode.js":{"path":"C:\\ĐỒ ÁN\\hospital-API-main\\src\\constants\\statusCode.js","statementMap":{"0":{"start":{"line":1,"column":20},"end":{"line":13,"column":1}},"1":{"start":{"line":15,"column":0},"end":{"line":15,"column":27}}},"fnMap":{},"branchMap":{},"s":{"0":0,"1":0},"f":{},"b":{},"all":true},"C:\\ĐỒ ÁN\\hospital-API-main\\src\\constants\\patientStatus.js":{"path":"C:\\ĐỒ ÁN\\hospital-API-main\\src\\constants\\patientStatus.js","statementMap":{"0":{"start":{"line":1,"column":23},"end":{"line":6,"column":1}},"1":{"start":{"line":8,"column":0},"end":{"line":8,"column":30}},"2":{"start":{"line":10,"column":22},"end":{"line":10,"column":49}}},"fnMap":{},"branchMap":{},"s":{"0":0,"1":0,"2":0},"f":{},"b":{},"all":true},"C:\\ĐỒ ÁN\\hospital-API-main\\src\\api\\common\\index.js":{"path":"C:\\ĐỒ ÁN\\hospital-API-main\\src\\api\\common\\index.js","statementMap":{},"fnMap":{},"branchMap":{},"s":{},"f":{},"b":{},"all":true},"C:\\ĐỒ ÁN\\hospital-API-main\\src\\api\\v1\\middlewares\\jwtAuth.middleware.js":{"path":"C:\\ĐỒ ÁN\\hospital-API-main\\src\\api\\v1\\middlewares\\jwtAuth.middleware.js","statementMap":{"0":{"start":{"line":12,"column":16},"end":{"line":68,"column":2}},"1":{"start":{"line":13,"column":40},"end":{"line":13,"column":51}},"2":{"start":{"line":17,"column":2},"end":{"line":21,"column":3}},"3":{"start":{"line":18,"column":4},"end":{"line":18,"column":30}},"4":{"start":{"line":19,"column":4},"end":{"line":19,"column":35}},"5":{"start":{"line":20,"column":4},"end":{"line":20,"column":75}},"6":{"start":{"line":23,"column":2},"end":{"line":65,"column":3}},"7":{"start":{"line":24,"column":31},"end":{"line":24,"column":59}},"8":{"start":{"line":25,"column":4},"end":{"line":25,"column":34}},"9":{"start":{"line":26,"column":4},"end":{"line":26,"column":41}},"10":{"start":{"line":29,"column":4},"end":{"line":29,"column":43}},"11":{"start":{"line":30,"column":4},"end":{"line":64,"column":5}},"12":{"start":{"line":31,"column":6},"end":{"line":56,"column":7}},"13":{"start":{"line":33,"column":36},"end":{"line":33,"column":66}},"14":{"start":{"line":34,"column":8},"end":{"line":34,"column":46}},"15":{"start":{"line":36,"column":24},"end":{"line":39,"column":9}},"16":{"start":{"line":42,"column":31},"end":{"line":42,"column":59}},"17":{"start":{"line":43,"column":8},"end":{"line":43,"column":49}},"18":{"start":{"line":45,"column":8},"end":{"line":45,"column":27}},"19":{"start":{"line":46,"column":8},"end":{"line":46,"column":50}},"20":{"start":{"line":48,"column":8},"end":{"line":48,"column":45}},"21":{"start":{"line":49,"column":8},"end":{"line":49,"column":27}},"22":{"start":{"line":51,"column":8},"end":{"line":51,"column":34}},"23":{"start":{"line":52,"column":8},"end":{"line":55,"column":10}},"24":{"start":{"line":58,"column":6},"end":{"line":58,"column":51}},"25":{"start":{"line":59,"column":6},"end":{"line":59,"column":32}},"26":{"start":{"line":60,"column":6},"end":{"line":63,"column":8}},"27":{"start":{"line":67,"column":2},"end":{"line":67,"column":16}}},"fnMap":{"0":{"name":"(anonymous_0)","decl":{"start":{"line":12,"column":29},"end":{"line":12,"column":30}},"loc":{"start":{"line":12,"column":55},"end":{"line":68,"column":1}},"line":12}},"branchMap":{"0":{"loc":{"start":{"line":17,"column":2},"end":{"line":21,"column":3}},"type":"if","locations":[{"start":{"line":17,"column":2},"end":{"line":21,"column":3}},{"start":{},"end":{}}],"line":17},"1":{"loc":{"start":{"line":17,"column":8},"end":{"line":17,"column":35}},"type":"binary-expr","locations":[{"start":{"line":17,"column":8},"end":{"line":17,"column":19}},{"start":{"line":17,"column":23},"end":{"line":17,"column":35}}],"line":17},"2":{"loc":{"start":{"line":30,"column":4},"end":{"line":64,"column":5}},"type":"if","locations":[{"start":{"line":30,"column":4},"end":{"line":64,"column":5}},{"start":{"line":57,"column":11},"end":{"line":64,"column":5}}],"line":30}},"s":{"0":0,"1":0,"2":0,"3":0,"4":0,"5":0,"6":0,"7":0,"8":0,"9":0,"10":0,"11":0,"12":0,"13":0,"14":0,"15":0,"16":0,"17":0,"18":0,"19":0,"20":0,"21":0,"22":0,"23":0,"24":0,"25":0,"26":0,"27":0},"f":{"0":0},"b":{"0":[0,0],"1":[0,0],"2":[0,0]},"all":true},"C:\\ĐỒ ÁN\\hospital-API-main\\src\\api\\common\\middlewares\\notFound.middleware.js":{"path":"C:\\ĐỒ ÁN\\hospital-API-main\\src\\api\\common\\middlewares\\notFound.middleware.js","statementMap":{"0":{"start":{"line":5,"column":2},"end":{"line":7,"column":5}}},"fnMap":{"0":{"name":"notFoundHandler","decl":{"start":{"line":3,"column":9},"end":{"line":3,"column":24}},"loc":{"start":{"line":3,"column":35},"end":{"line":8,"column":1}},"line":3}},"branchMap":{},"s":{"0":0},"f":{"0":0},"b":{},"all":true},"C:\\ĐỒ ÁN\\hospital-API-main\\src\\api\\common\\middlewares\\logger.middleware.js":{"path":"C:\\ĐỒ ÁN\\hospital-API-main\\src\\api\\common\\middlewares\\logger.middleware.js","statementMap":{"0":{"start":{"line":4,"column":15},"end":{"line":9,"column":2}},"1":{"start":{"line":11,"column":25},"end":{"line":25,"column":2}},"2":{"start":{"line":12,"column":2},"end":{"line":12,"column":46}},"3":{"start":{"line":12,"column":32},"end":{"line":12,"column":46}},"4":{"start":{"line":13,"column":2},"end":{"line":13,"column":50}},"5":{"start":{"line":13,"column":36},"end":{"line":13,"column":50}},"6":{"start":{"line":14,"column":2},"end":{"line":14,"column":50}},"7":{"start":{"line":14,"column":36},"end":{"line":14,"column":50}},"8":{"start":{"line":15,"column":2},"end":{"line":15,"column":37}},"9":{"start":{"line":15,"column":23},"end":{"line":15,"column":37}},"10":{"start":{"line":17,"column":18},"end":{"line":21,"column":3}},"11":{"start":{"line":22,"column":2},"end":{"line":22,"column":23}},"12":{"start":{"line":24,"column":2},"end":{"line":24,"column":16}}},"fnMap":{"0":{"name":"(anonymous_0)","decl":{"start":{"line":11,"column":38},"end":{"line":11,"column":39}},"loc":{"start":{"line":11,"column":64},"end":{"line":25,"column":1}},"line":11}},"branchMap":{"0":{"loc":{"start":{"line":12,"column":2},"end":{"line":12,"column":46}},"type":"if","locations":[{"start":{"line":12,"column":2},"end":{"line":12,"column":46}},{"start":{},"end":{}}],"line":12},"1":{"loc":{"start":{"line":13,"column":2},"end":{"line":13,"column":50}},"type":"if","locations":[{"start":{"line":13,"column":2},"end":{"line":13,"column":50}},{"start":{},"end":{}}],"line":13},"2":{"loc":{"start":{"line":14,"column":2},"end":{"line":14,"column":50}},"type":"if","locations":[{"start":{"line":14,"column":2},"end":{"line":14,"column":50}},{"start":{},"end":{}}],"line":14},"3":{"loc":{"start":{"line":15,"column":2},"end":{"line":15,"column":37}},"type":"if","locations":[{"start":{"line":15,"column":2},"end":{"line":15,"column":37}},{"start":{},"end":{}}],"line":15}},"s":{"0":0,"1":0,"2":0,"3":0,"4":0,"5":0,"6":0,"7":0,"8":0,"9":0,"10":0,"11":0,"12":0},"f":{"0":0},"b":{"0":[0,0],"1":[0,0],"2":[0,0],"3":[0,0]},"all":true},"C:\\ĐỒ ÁN\\hospital-API-main\\src\\api\\common\\middlewares\\error.middleware.js":{"path":"C:\\ĐỒ ÁN\\hospital-API-main\\src\\api\\common\\middlewares\\error.middleware.js","statementMap":{"0":{"start":{"line":7,"column":4},"end":{"line":7,"column":19}},"1":{"start":{"line":8,"column":4},"end":{"line":8,"column":33}},"2":{"start":{"line":12,"column":15},"end":{"line":22,"column":2}},"3":{"start":{"line":24,"column":21},"end":{"line":83,"column":1}},"4":{"start":{"line":25,"column":19},"end":{"line":25,"column":63}},"5":{"start":{"line":27,"column":2},"end":{"line":35,"column":3}},"6":{"start":{"line":34,"column":4},"end":{"line":34,"column":41}},"7":{"start":{"line":37,"column":22},"end":{"line":40,"column":3}},"8":{"start":{"line":42,"column":2},"end":{"line":65,"column":3}},"9":{"start":{"line":44,"column":6},"end":{"line":44,"column":40}},"10":{"start":{"line":45,"column":6},"end":{"line":45,"column":12}},"11":{"start":{"line":47,"column":6},"end":{"line":47,"column":38}},"12":{"start":{"line":48,"column":6},"end":{"line":48,"column":12}},"13":{"start":{"line":50,"column":6},"end":{"line":50,"column":41}},"14":{"start":{"line":51,"column":6},"end":{"line":51,"column":12}},"15":{"start":{"line":53,"column":6},"end":{"line":53,"column":46}},"16":{"start":{"line":54,"column":6},"end":{"line":54,"column":12}},"17":{"start":{"line":56,"column":6},"end":{"line":56,"column":67}},"18":{"start":{"line":57,"column":6},"end":{"line":57,"column":12}},"19":{"start":{"line":59,"column":6},"end":{"line":63,"column":7}},"20":{"start":{"line":60,"column":8},"end":{"line":60,"column":68}},"21":{"start":{"line":62,"column":8},"end":{"line":62,"column":52}},"22":{"start":{"line":64,"column":6},"end":{"line":64,"column":12}},"23":{"start":{"line":68,"column":2},"end":{"line":70,"column":3}},"24":{"start":{"line":69,"column":4},"end":{"line":69,"column":41}},"25":{"start":{"line":72,"column":2},"end":{"line":81,"column":3}},"26":{"start":{"line":73,"column":20},"end":{"line":78,"column":5}},"27":{"start":{"line":80,"column":4},"end":{"line":80,"column":26}},"28":{"start":{"line":82,"column":2},"end":{"line":82,"column":50}}},"fnMap":{"0":{"name":"(anonymous_0)","decl":{"start":{"line":6,"column":2},"end":{"line":6,"column":3}},"loc":{"start":{"line":6,"column":35},"end":{"line":9,"column":3}},"line":6},"1":{"name":"(anonymous_1)","decl":{"start":{"line":24,"column":21},"end":{"line":24,"column":22}},"loc":{"start":{"line":24,"column":54},"end":{"line":83,"column":1}},"line":24}},"branchMap":{"0":{"loc":{"start":{"line":25,"column":19},"end":{"line":25,"column":63}},"type":"binary-expr","locations":[{"start":{"line":25,"column":19},"end":{"line":25,"column":35}},{"start":{"line":25,"column":39},"end":{"line":25,"column":63}}],"line":25},"1":{"loc":{"start":{"line":27,"column":2},"end":{"line":35,"column":3}},"type":"if","locations":[{"start":{"line":27,"column":2},"end":{"line":35,"column":3}},{"start":{},"end":{}}],"line":27},"2":{"loc":{"start":{"line":28,"column":4},"end":{"line":30,"column":30}},"type":"binary-expr","locations":[{"start":{"line":28,"column":4},"end":{"line":28,"column":36}},{"start":{"line":29,"column":4},"end":{"line":29,"column":30}},{"start":{"line":30,"column":4},"end":{"line":30,"column":30}}],"line":28},"3":{"loc":{"start":{"line":42,"column":2},"end":{"line":65,"column":3}},"type":"switch","locations":[{"start":{"line":43,"column":4},"end":{"line":45,"column":12}},{"start":{"line":46,"column":4},"end":{"line":48,"column":12}},{"start":{"line":49,"column":4},"end":{"line":51,"column":12}},{"start":{"line":52,"column":4},"end":{"line":54,"column":12}},{"start":{"line":55,"column":4},"end":{"line":57,"column":12}},{"start":{"line":58,"column":4},"end":{"line":64,"column":12}}],"line":42},"4":{"loc":{"start":{"line":59,"column":6},"end":{"line":63,"column":7}},"type":"if","locations":[{"start":{"line":59,"column":6},"end":{"line":63,"column":7}},{"start":{"line":61,"column":13},"end":{"line":63,"column":7}}],"line":59},"5":{"loc":{"start":{"line":68,"column":2},"end":{"line":70,"column":3}},"type":"if","locations":[{"start":{"line":68,"column":2},"end":{"line":70,"column":3}},{"start":{},"end":{}}],"line":68},"6":{"loc":{"start":{"line":72,"column":2},"end":{"line":81,"column":3}},"type":"if","locations":[{"start":{"line":72,"column":2},"end":{"line":81,"column":3}},{"start":{},"end":{}}],"line":72}},"s":{"0":0,"1":0,"2":0,"3":0,"4":0,"5":0,"6":0,"7":0,"8":0,"9":0,"10":0,"11":0,"12":0,"13":0,"14":0,"15":0,"16":0,"17":0,"18":0,"19":0,"20":0,"21":0,"22":0,"23":0,"24":0,"25":0,"26":0,"27":0,"28":0},"f":{"0":0,"1":0},"b":{"0":[0,0],"1":[0,0],"2":[0,0,0],"3":[0,0,0,0,0,0],"4":[0,0],"5":[0,0],"6":[0,0]},"all":true},"C:\\ĐỒ ÁN\\hospital-API-main\\src\\api\\v1\\features\\report\\report.service.js":{"path":"C:\\ĐỒ ÁN\\hospital-API-main\\src\\api\\v1\\features\\report\\report.service.js","statementMap":{"0":{"start":{"line":3,"column":27},"end":{"line":5,"column":1}},"1":{"start":{"line":4,"column":2},"end":{"line":4,"column":62}}},"fnMap":{"0":{"name":"(anonymous_0)","decl":{"start":{"line":3,"column":27},"end":{"line":3,"column":28}},"loc":{"start":{"line":3,"column":45},"end":{"line":5,"column":1}},"line":3}},"branchMap":{},"s":{"0":0,"1":0},"f":{"0":0},"b":{},"all":true},"C:\\ĐỒ ÁN\\hospital-API-main\\src\\api\\v1\\features\\report\\report.routes.js":{"path":"C:\\ĐỒ ÁN\\hospital-API-main\\src\\api\\v1\\features\\report\\report.routes.js","statementMap":{"0":{"start":{"line":5,"column":21},"end":{"line":5,"column":29}},"1":{"start":{"line":7,"column":0},"end":{"line":7,"column":26}},"2":{"start":{"line":9,"column":0},"end":{"line":9,"column":52}}},"fnMap":{},"branchMap":{},"s":{"0":0,"1":0,"2":0},"f":{},"b":{},"all":true},"C:\\ĐỒ ÁN\\hospital-API-main\\src\\api\\v1\\features\\report\\report.controller.js":{"path":"C:\\ĐỒ ÁN\\hospital-API-main\\src\\api\\v1\\features\\report\\report.controller.js","statementMap":{"0":{"start":{"line":7,"column":30},"end":{"line":28,"column":2}},"1":{"start":{"line":8,"column":21},"end":{"line":8,"column":31}},"2":{"start":{"line":10,"column":2},"end":{"line":15,"column":3}},"3":{"start":{"line":11,"column":4},"end":{"line":14,"column":6}},"4":{"start":{"line":17,"column":2},"end":{"line":24,"column":3}},"5":{"start":{"line":18,"column":4},"end":{"line":23,"column":9}},"6":{"start":{"line":26,"column":18},"end":{"line":26,"column":50}},"7":{"start":{"line":27,"column":2},"end":{"line":27,"column":50}}},"fnMap":{"0":{"name":"(anonymous_0)","decl":{"start":{"line":7,"column":43},"end":{"line":7,"column":44}},"loc":{"start":{"line":7,"column":63},"end":{"line":28,"column":1}},"line":7}},"branchMap":{"0":{"loc":{"start":{"line":10,"column":2},"end":{"line":15,"column":3}},"type":"if","locations":[{"start":{"line":10,"column":2},"end":{"line":15,"column":3}},{"start":{},"end":{}}],"line":10},"1":{"loc":{"start":{"line":17,"column":2},"end":{"line":24,"column":3}},"type":"if","locations":[{"start":{"line":17,"column":2},"end":{"line":24,"column":3}},{"start":{},"end":{}}],"line":17}},"s":{"0":0,"1":0,"2":0,"3":0,"4":0,"5":0,"6":0,"7":0},"f":{"0":0},"b":{"0":[0,0],"1":[0,0]},"all":true},"C:\\ĐỒ ÁN\\hospital-API-main\\src\\api\\v1\\features\\report\\index.js":{"path":"C:\\ĐỒ ÁN\\hospital-API-main\\src\\api\\v1\\features\\report\\index.js","statementMap":{},"fnMap":{},"branchMap":{},"s":{},"f":{},"b":{},"all":true},"C:\\ĐỒ ÁN\\hospital-API-main\\src\\api\\v1\\features\\patient\\index.js":{"path":"C:\\ĐỒ ÁN\\hospital-API-main\\src\\api\\v1\\features\\patient\\index.js","statementMap":{},"fnMap":{},"branchMap":{},"s":{},"f":{},"b":{},"all":true},"C:\\ĐỒ ÁN\\hospital-API-main\\src\\api\\v1\\features\\auth\\index.js":{"path":"C:\\ĐỒ ÁN\\hospital-API-main\\src\\api\\v1\\features\\auth\\index.js","statementMap":{},"fnMap":{},"branchMap":{},"s":{},"f":{},"b":{},"all":true},"C:\\ĐỒ ÁN\\hospital-API-main\\src\\api\\v1\\features\\patient\\services\\patient.service.js":{"path":"C:\\ĐỒ ÁN\\hospital-API-main\\src\\api\\v1\\features\\patient\\services\\patient.service.js","statementMap":{"0":{"start":{"line":7,"column":21},"end":{"line":7,"column":35}},"1":{"start":{"line":10,"column":18},"end":{"line":25,"column":3}},"2":{"start":{"line":12,"column":24},"end":{"line":12,"column":63}},"3":{"start":{"line":13,"column":4},"end":{"line":15,"column":5}},"4":{"start":{"line":14,"column":6},"end":{"line":14,"column":25}},"5":{"start":{"line":17,"column":20},"end":{"line":20,"column":6}},"6":{"start":{"line":22,"column":4},"end":{"line":22,"column":25}},"7":{"start":{"line":24,"column":4},"end":{"line":24,"column":19}},"8":{"start":{"line":27,"column":17},"end":{"line":46,"column":3}},"9":{"start":{"line":29,"column":20},"end":{"line":29,"column":75}},"10":{"start":{"line":31,"column":4},"end":{"line":33,"column":5}},"11":{"start":{"line":32,"column":6},"end":{"line":32,"column":72}},"12":{"start":{"line":36,"column":19},"end":{"line":41,"column":6}},"13":{"start":{"line":43,"column":4},"end":{"line":43,"column":24}},"14":{"start":{"line":45,"column":4},"end":{"line":45,"column":18}},"15":{"start":{"line":48,"column":15},"end":{"line":53,"column":3}},"16":{"start":{"line":50,"column":4},"end":{"line":52,"column":7}},"17":{"start":{"line":56,"column":23},"end":{"line":56,"column":43}}},"fnMap":{"0":{"name":"(anonymous_0)","decl":{"start":{"line":10,"column":18},"end":{"line":10,"column":19}},"loc":{"start":{"line":10,"column":52},"end":{"line":25,"column":3}},"line":10},"1":{"name":"(anonymous_1)","decl":{"start":{"line":27,"column":17},"end":{"line":27,"column":18}},"loc":{"start":{"line":27,"column":60},"end":{"line":46,"column":3}},"line":27},"2":{"name":"(anonymous_2)","decl":{"start":{"line":48,"column":15},"end":{"line":48,"column":16}},"loc":{"start":{"line":48,"column":36},"end":{"line":53,"column":3}},"line":48}},"branchMap":{"0":{"loc":{"start":{"line":13,"column":4},"end":{"line":15,"column":5}},"type":"if","locations":[{"start":{"line":13,"column":4},"end":{"line":15,"column":5}},{"start":{},"end":{}}],"line":13},"1":{"loc":{"start":{"line":31,"column":4},"end":{"line":33,"column":5}},"type":"if","locations":[{"start":{"line":31,"column":4},"end":{"line":33,"column":5}},{"start":{},"end":{}}],"line":31}},"s":{"0":0,"1":0,"2":0,"3":0,"4":0,"5":0,"6":0,"7":0,"8":0,"9":0,"10":0,"11":0,"12":0,"13":0,"14":0,"15":0,"16":0,"17":0},"f":{"0":0,"1":0,"2":0},"b":{"0":[0,0],"1":[0,0]},"all":true},"C:\\ĐỒ ÁN\\hospital-API-main\\src\\api\\v1\\features\\patient\\routes\\patient.routes.js":{"path":"C:\\ĐỒ ÁN\\hospital-API-main\\src\\api\\v1\\features\\patient\\routes\\patient.routes.js","statementMap":{"0":{"start":{"line":5,"column":22},"end":{"line":5,"column":30}},"1":{"start":{"line":6,"column":0},"end":{"line":6,"column":27}},"2":{"start":{"line":8,"column":0},"end":{"line":8,"column":71}},"3":{"start":{"line":9,"column":0},"end":{"line":9,"column":77}},"4":{"start":{"line":10,"column":0},"end":{"line":10,"column":71}}},"fnMap":{},"branchMap":{},"s":{"0":0,"1":0,"2":0,"3":0,"4":0},"f":{},"b":{},"all":true},"C:\\ĐỒ ÁN\\hospital-API-main\\src\\api\\v1\\features\\patient\\models\\report.model.js":{"path":"C:\\ĐỒ ÁN\\hospital-API-main\\src\\api\\v1\\features\\patient\\models\\report.model.js","statementMap":{"0":{"start":{"line":4,"column":21},"end":{"line":30,"column":1}},"1":{"start":{"line":32,"column":15},"end":{"line":32,"column":53}}},"fnMap":{},"branchMap":{},"s":{"0":0,"1":0},"f":{},"b":{},"all":true},"C:\\ĐỒ ÁN\\hospital-API-main\\src\\api\\v1\\features\\patient\\models\\patient.model.js":{"path":"C:\\ĐỒ ÁN\\hospital-API-main\\src\\api\\v1\\features\\patient\\models\\patient.model.js","statementMap":{"0":{"start":{"line":3,"column":22},"end":{"line":26,"column":1}},"1":{"start":{"line":14,"column":10},"end":{"line":14,"column":40}},"2":{"start":{"line":17,"column":10},"end":{"line":17,"column":62}},"3":{"start":{"line":28,"column":16},"end":{"line":28,"column":56}}},"fnMap":{"0":{"name":"(anonymous_0)","decl":{"start":{"line":12,"column":19},"end":{"line":12,"column":20}},"loc":{"start":{"line":12,"column":32},"end":{"line":15,"column":9}},"line":12},"1":{"name":"(anonymous_1)","decl":{"start":{"line":16,"column":17},"end":{"line":16,"column":18}},"loc":{"start":{"line":17,"column":10},"end":{"line":17,"column":62}},"line":17}},"branchMap":{},"s":{"0":0,"1":0,"2":0,"3":0},"f":{"0":0,"1":0},"b":{},"all":true},"C:\\ĐỒ ÁN\\hospital-API-main\\src\\api\\v1\\features\\patient\\controllers\\patient.controller.js":{"path":"C:\\ĐỒ ÁN\\hospital-API-main\\src\\api\\v1\\features\\patient\\controllers\\patient.controller.js","statementMap":{"0":{"start":{"line":7,"column":24},"end":{"line":21,"column":4}},"1":{"start":{"line":8,"column":29},"end":{"line":8,"column":37}},"2":{"start":{"line":9,"column":23},"end":{"line":9,"column":31}},"3":{"start":{"line":11,"column":4},"end":{"line":16,"column":5}},"4":{"start":{"line":12,"column":6},"end":{"line":15,"column":8}},"5":{"start":{"line":18,"column":20},"end":{"line":18,"column":76}},"6":{"start":{"line":20,"column":4},"end":{"line":20,"column":57}},"7":{"start":{"line":23,"column":21},"end":{"line":37,"column":4}},"8":{"start":{"line":24,"column":19},"end":{"line":24,"column":29}},"9":{"start":{"line":25,"column":23},"end":{"line":25,"column":31}},"10":{"start":{"line":26,"column":29},"end":{"line":26,"column":37}},"11":{"start":{"line":27,"column":4},"end":{"line":32,"column":5}},"12":{"start":{"line":28,"column":6},"end":{"line":31,"column":8}},"13":{"start":{"line":34,"column":19},"end":{"line":34,"column":78}},"14":{"start":{"line":36,"column":4},"end":{"line":36,"column":56}},"15":{"start":{"line":39,"column":18},"end":{"line":45,"column":4}},"16":{"start":{"line":40,"column":19},"end":{"line":40,"column":29}},"17":{"start":{"line":42,"column":20},"end":{"line":42,"column":55}},"18":{"start":{"line":44,"column":4},"end":{"line":44,"column":52}},"19":{"start":{"line":48,"column":26},"end":{"line":48,"column":49}}},"fnMap":{"0":{"name":"(anonymous_0)","decl":{"start":{"line":7,"column":37},"end":{"line":7,"column":38}},"loc":{"start":{"line":7,"column":57},"end":{"line":21,"column":3}},"line":7},"1":{"name":"(anonymous_1)","decl":{"start":{"line":23,"column":34},"end":{"line":23,"column":35}},"loc":{"start":{"line":23,"column":54},"end":{"line":37,"column":3}},"line":23},"2":{"name":"(anonymous_2)","decl":{"start":{"line":39,"column":31},"end":{"line":39,"column":32}},"loc":{"start":{"line":39,"column":51},"end":{"line":45,"column":3}},"line":39}},"branchMap":{"0":{"loc":{"start":{"line":11,"column":4},"end":{"line":16,"column":5}},"type":"if","locations":[{"start":{"line":11,"column":4},"end":{"line":16,"column":5}},{"start":{},"end":{}}],"line":11},"1":{"loc":{"start":{"line":27,"column":4},"end":{"line":32,"column":5}},"type":"if","locations":[{"start":{"line":27,"column":4},"end":{"line":32,"column":5}},{"start":{},"end":{}}],"line":27},"2":{"loc":{"start":{"line":27,"column":10},"end":{"line":27,"column":24}},"type":"binary-expr","locations":[{"start":{"line":27,"column":10},"end":{"line":27,"column":16}},{"start":{"line":27,"column":20},"end":{"line":27,"column":24}}],"line":27}},"s":{"0":0,"1":0,"2":0,"3":0,"4":0,"5":0,"6":0,"7":0,"8":0,"9":0,"10":0,"11":0,"12":0,"13":0,"14":0,"15":0,"16":0,"17":0,"18":0,"19":0},"f":{"0":0,"1":0,"2":0},"b":{"0":[0,0],"1":[0,0],"2":[0,0]},"all":true},"C:\\ĐỒ ÁN\\hospital-API-main\\src\\api\\v1\\features\\auth\\validators\\resetPassword.validator.js":{"path":"C:\\ĐỒ ÁN\\hospital-API-main\\src\\api\\v1\\features\\auth\\validators\\resetPassword.validator.js","statementMap":{"0":{"start":{"line":4,"column":22},"end":{"line":23,"column":1}},"1":{"start":{"line":5,"column":16},"end":{"line":9,"column":3}},"2":{"start":{"line":11,"column":2},"end":{"line":11,"column":56}},"3":{"start":{"line":11,"column":40},"end":{"line":11,"column":53}},"4":{"start":{"line":13,"column":27},"end":{"line":13,"column":48}},"5":{"start":{"line":16,"column":2},"end":{"line":20,"column":3}},"6":{"start":{"line":17,"column":4},"end":{"line":19,"column":65}},"7":{"start":{"line":22,"column":2},"end":{"line":22,"column":16}}},"fnMap":{"0":{"name":"(anonymous_0)","decl":{"start":{"line":4,"column":22},"end":{"line":4,"column":23}},"loc":{"start":{"line":4,"column":48},"end":{"line":23,"column":1}},"line":4},"1":{"name":"(anonymous_1)","decl":{"start":{"line":11,"column":30},"end":{"line":11,"column":31}},"loc":{"start":{"line":11,"column":40},"end":{"line":11,"column":53}},"line":11}},"branchMap":{"0":{"loc":{"start":{"line":16,"column":2},"end":{"line":20,"column":3}},"type":"if","locations":[{"start":{"line":16,"column":2},"end":{"line":20,"column":3}},{"start":{},"end":{}}],"line":16}},"s":{"0":0,"1":0,"2":0,"3":0,"4":0,"5":0,"6":0,"7":0},"f":{"0":0,"1":0},"b":{"0":[0,0]},"all":true},"C:\\ĐỒ ÁN\\hospital-API-main\\src\\api\\v1\\features\\auth\\validators\\register.validator.js":{"path":"C:\\ĐỒ ÁN\\hospital-API-main\\src\\api\\v1\\features\\auth\\validators\\register.validator.js","statementMap":{"0":{"start":{"line":4,"column":26},"end":{"line":42,"column":1}},"1":{"start":{"line":5,"column":16},"end":{"line":28,"column":3}},"2":{"start":{"line":30,"column":2},"end":{"line":30,"column":56}},"3":{"start":{"line":30,"column":40},"end":{"line":30,"column":53}},"4":{"start":{"line":32,"column":27},"end":{"line":32,"column":48}},"5":{"start":{"line":35,"column":2},"end":{"line":39,"column":3}},"6":{"start":{"line":36,"column":4},"end":{"line":38,"column":65}},"7":{"start":{"line":41,"column":2},"end":{"line":41,"column":16}}},"fnMap":{"0":{"name":"(anonymous_0)","decl":{"start":{"line":4,"column":26},"end":{"line":4,"column":27}},"loc":{"start":{"line":4,"column":52},"end":{"line":42,"column":1}},"line":4},"1":{"name":"(anonymous_1)","decl":{"start":{"line":30,"column":30},"end":{"line":30,"column":31}},"loc":{"start":{"line":30,"column":40},"end":{"line":30,"column":53}},"line":30}},"branchMap":{"0":{"loc":{"start":{"line":35,"column":2},"end":{"line":39,"column":3}},"type":"if","locations":[{"start":{"line":35,"column":2},"end":{"line":39,"column":3}},{"start":{},"end":{}}],"line":35}},"s":{"0":0,"1":0,"2":0,"3":0,"4":0,"5":0,"6":0,"7":0},"f":{"0":0,"1":0},"b":{"0":[0,0]},"all":true},"C:\\ĐỒ ÁN\\hospital-API-main\\src\\api\\v1\\features\\auth\\validators\\login.validator.js":{"path":"C:\\ĐỒ ÁN\\hospital-API-main\\src\\api\\v1\\features\\auth\\validators\\login.validator.js","statementMap":{"0":{"start":{"line":4,"column":23},"end":{"line":28,"column":1}},"1":{"start":{"line":5,"column":16},"end":{"line":14,"column":3}},"2":{"start":{"line":16,"column":2},"end":{"line":16,"column":56}},"3":{"start":{"line":16,"column":40},"end":{"line":16,"column":53}},"4":{"start":{"line":18,"column":27},"end":{"line":18,"column":48}},"5":{"start":{"line":21,"column":2},"end":{"line":25,"column":3}},"6":{"start":{"line":22,"column":4},"end":{"line":24,"column":65}},"7":{"start":{"line":27,"column":2},"end":{"line":27,"column":16}}},"fnMap":{"0":{"name":"(anonymous_0)","decl":{"start":{"line":4,"column":23},"end":{"line":4,"column":24}},"loc":{"start":{"line":4,"column":49},"end":{"line":28,"column":1}},"line":4},"1":{"name":"(anonymous_1)","decl":{"start":{"line":16,"column":30},"end":{"line":16,"column":31}},"loc":{"start":{"line":16,"column":40},"end":{"line":16,"column":53}},"line":16}},"branchMap":{"0":{"loc":{"start":{"line":21,"column":2},"end":{"line":25,"column":3}},"type":"if","locations":[{"start":{"line":21,"column":2},"end":{"line":25,"column":3}},{"start":{},"end":{}}],"line":21}},"s":{"0":0,"1":0,"2":0,"3":0,"4":0,"5":0,"6":0,"7":0},"f":{"0":0,"1":0},"b":{"0":[0,0]},"all":true},"C:\\ĐỒ ÁN\\hospital-API-main\\src\\api\\v1\\features\\auth\\validators\\index.js":{"path":"C:\\ĐỒ ÁN\\hospital-API-main\\src\\api\\v1\\features\\auth\\validators\\index.js","statementMap":{},"fnMap":{},"branchMap":{},"s":{},"f":{},"b":{},"all":true},"C:\\ĐỒ ÁN\\hospital-API-main\\src\\api\\v1\\features\\auth\\services\\user.service.js":{"path":"C:\\ĐỒ ÁN\\hospital-API-main\\src\\api\\v1\\features\\auth\\services\\user.service.js","statementMap":{"0":{"start":{"line":4,"column":21},"end":{"line":4,"column":35}},"1":{"start":{"line":23,"column":15},"end":{"line":49,"column":3}},"2":{"start":{"line":25,"column":42},"end":{"line":25,"column":50}},"3":{"start":{"line":28,"column":21},"end":{"line":28,"column":75}},"4":{"start":{"line":31,"column":4},"end":{"line":33,"column":5}},"5":{"start":{"line":32,"column":6},"end":{"line":32,"column":72}},"6":{"start":{"line":36,"column":27},"end":{"line":36,"column":58}},"7":{"start":{"line":39,"column":17},"end":{"line":39,"column":72}},"8":{"start":{"line":40,"column":4},"end":{"line":40,"column":33}},"9":{"start":{"line":43,"column":4},"end":{"line":43,"column":22}},"10":{"start":{"line":47,"column":4},"end":{"line":47,"column":30}},"11":{"start":{"line":48,"column":4},"end":{"line":48,"column":16}},"12":{"start":{"line":51,"column":14},"end":{"line":79,"column":3}},"13":{"start":{"line":52,"column":32},"end":{"line":52,"column":40}},"14":{"start":{"line":55,"column":17},"end":{"line":55,"column":46}},"15":{"start":{"line":57,"column":4},"end":{"line":59,"column":5}},"16":{"start":{"line":58,"column":6},"end":{"line":58,"column":74}},"17":{"start":{"line":62,"column":23},"end":{"line":62,"column":36}},"18":{"start":{"line":63,"column":24},"end":{"line":63,"column":67}},"19":{"start":{"line":65,"column":4},"end":{"line":67,"column":5}},"20":{"start":{"line":66,"column":6},"end":{"line":66,"column":74}},"21":{"start":{"line":70,"column":20},"end":{"line":73,"column":5}},"22":{"start":{"line":75,"column":24},"end":{"line":75,"column":52}},"23":{"start":{"line":76,"column":25},"end":{"line":76,"column":54}},"24":{"start":{"line":78,"column":4},"end":{"line":78,"column":70}},"25":{"start":{"line":81,"column":15},"end":{"line":106,"column":3}},"26":{"start":{"line":82,"column":32},"end":{"line":82,"column":40}},"27":{"start":{"line":84,"column":21},"end":{"line":87,"column":6}},"28":{"start":{"line":90,"column":4},"end":{"line":92,"column":5}},"29":{"start":{"line":91,"column":6},"end":{"line":91,"column":72}},"30":{"start":{"line":95,"column":24},"end":{"line":99,"column":5}},"31":{"start":{"line":102,"column":4},"end":{"line":102,"column":37}},"32":{"start":{"line":105,"column":4},"end":{"line":105,"column":23}},"33":{"start":{"line":108,"column":25},"end":{"line":141,"column":3}},"34":{"start":{"line":109,"column":17},"end":{"line":109,"column":46}},"35":{"start":{"line":111,"column":4},"end":{"line":113,"column":5}},"36":{"start":{"line":112,"column":6},"end":{"line":112,"column":75}},"37":{"start":{"line":116,"column":16},"end":{"line":116,"column":57}},"38":{"start":{"line":117,"column":4},"end":{"line":117,"column":39}},"39":{"start":{"line":117,"column":15},"end":{"line":117,"column":39}},"40":{"start":{"line":119,"column":21},"end":{"line":119,"column":52}},"41":{"start":{"line":122,"column":17},"end":{"line":122,"column":48}},"42":{"start":{"line":124,"column":4},"end":{"line":127,"column":7}},"43":{"start":{"line":129,"column":4},"end":{"line":129,"column":23}},"44":{"start":{"line":131,"column":4},"end":{"line":131,"column":47}},"45":{"start":{"line":134,"column":26},"end":{"line":134,"column":32}},"46":{"start":{"line":135,"column":30},"end":{"line":135,"column":92}},"47":{"start":{"line":136,"column":4},"end":{"line":136,"column":35}},"48":{"start":{"line":140,"column":4},"end":{"line":140,"column":29}},"49":{"start":{"line":143,"column":30},"end":{"line":167,"column":3}},"50":{"start":{"line":145,"column":31},"end":{"line":147,"column":6}},"51":{"start":{"line":149,"column":4},"end":{"line":154,"column":5}},"52":{"start":{"line":150,"column":6},"end":{"line":153,"column":8}},"53":{"start":{"line":157,"column":20},"end":{"line":157,"column":74}},"54":{"start":{"line":159,"column":4},"end":{"line":164,"column":5}},"55":{"start":{"line":160,"column":6},"end":{"line":163,"column":8}},"56":{"start":{"line":166,"column":4},"end":{"line":166,"column":19}},"57":{"start":{"line":169,"column":18},"end":{"line":202,"column":3}},"58":{"start":{"line":170,"column":40},"end":{"line":170,"column":49}},"59":{"start":{"line":172,"column":31},"end":{"line":174,"column":6}},"60":{"start":{"line":176,"column":4},"end":{"line":181,"column":5}},"61":{"start":{"line":177,"column":6},"end":{"line":180,"column":8}},"62":{"start":{"line":184,"column":20},"end":{"line":184,"column":74}},"63":{"start":{"line":186,"column":4},"end":{"line":191,"column":5}},"64":{"start":{"line":187,"column":6},"end":{"line":190,"column":8}},"65":{"start":{"line":194,"column":23},"end":{"line":194,"column":54}},"66":{"start":{"line":196,"column":4},"end":{"line":200,"column":6}},"67":{"start":{"line":201,"column":4},"end":{"line":201,"column":16}},"68":{"start":{"line":204,"column":15},"end":{"line":231,"column":3}},"69":{"start":{"line":206,"column":17},"end":{"line":206,"column":46}},"70":{"start":{"line":208,"column":28},"end":{"line":208,"column":74}},"71":{"start":{"line":211,"column":4},"end":{"line":216,"column":5}},"72":{"start":{"line":212,"column":6},"end":{"line":215,"column":8}},"73":{"start":{"line":219,"column":21},"end":{"line":219,"column":43}},"74":{"start":{"line":223,"column":18},"end":{"line":223,"column":63}},"75":{"start":{"line":226,"column":24},"end":{"line":226,"column":55}},"76":{"start":{"line":229,"column":4},"end":{"line":229,"column":34}},"77":{"start":{"line":230,"column":4},"end":{"line":230,"column":20}},"78":{"start":{"line":234,"column":20},"end":{"line":234,"column":37}}},"fnMap":{"0":{"name":"(anonymous_0)","decl":{"start":{"line":23,"column":15},"end":{"line":23,"column":16}},"loc":{"start":{"line":23,"column":35},"end":{"line":49,"column":3}},"line":23},"1":{"name":"(anonymous_1)","decl":{"start":{"line":51,"column":14},"end":{"line":51,"column":15}},"loc":{"start":{"line":51,"column":34},"end":{"line":79,"column":3}},"line":51},"2":{"name":"(anonymous_2)","decl":{"start":{"line":81,"column":15},"end":{"line":81,"column":16}},"loc":{"start":{"line":81,"column":43},"end":{"line":106,"column":3}},"line":81},"3":{"name":"(anonymous_3)","decl":{"start":{"line":108,"column":25},"end":{"line":108,"column":26}},"loc":{"start":{"line":108,"column":42},"end":{"line":141,"column":3}},"line":108},"4":{"name":"(anonymous_4)","decl":{"start":{"line":143,"column":30},"end":{"line":143,"column":31}},"loc":{"start":{"line":143,"column":55},"end":{"line":167,"column":3}},"line":143},"5":{"name":"(anonymous_5)","decl":{"start":{"line":169,"column":18},"end":{"line":169,"column":19}},"loc":{"start":{"line":169,"column":39},"end":{"line":202,"column":3}},"line":169},"6":{"name":"(anonymous_6)","decl":{"start":{"line":204,"column":15},"end":{"line":204,"column":16}},"loc":{"start":{"line":204,"column":42},"end":{"line":231,"column":3}},"line":204}},"branchMap":{"0":{"loc":{"start":{"line":31,"column":4},"end":{"line":33,"column":5}},"type":"if","locations":[{"start":{"line":31,"column":4},"end":{"line":33,"column":5}},{"start":{},"end":{}}],"line":31},"1":{"loc":{"start":{"line":57,"column":4},"end":{"line":59,"column":5}},"type":"if","locations":[{"start":{"line":57,"column":4},"end":{"line":59,"column":5}},{"start":{},"end":{}}],"line":57},"2":{"loc":{"start":{"line":65,"column":4},"end":{"line":67,"column":5}},"type":"if","locations":[{"start":{"line":65,"column":4},"end":{"line":67,"column":5}},{"start":{},"end":{}}],"line":65},"3":{"loc":{"start":{"line":90,"column":4},"end":{"line":92,"column":5}},"type":"if","locations":[{"start":{"line":90,"column":4},"end":{"line":92,"column":5}},{"start":{},"end":{}}],"line":90},"4":{"loc":{"start":{"line":111,"column":4},"end":{"line":113,"column":5}},"type":"if","locations":[{"start":{"line":111,"column":4},"end":{"line":113,"column":5}},{"start":{},"end":{}}],"line":111},"5":{"loc":{"start":{"line":117,"column":4},"end":{"line":117,"column":39}},"type":"if","locations":[{"start":{"line":117,"column":4},"end":{"line":117,"column":39}},{"start":{},"end":{}}],"line":117},"6":{"loc":{"start":{"line":149,"column":4},"end":{"line":154,"column":5}},"type":"if","locations":[{"start":{"line":149,"column":4},"end":{"line":154,"column":5}},{"start":{},"end":{}}],"line":149},"7":{"loc":{"start":{"line":159,"column":4},"end":{"line":164,"column":5}},"type":"if","locations":[{"start":{"line":159,"column":4},"end":{"line":164,"column":5}},{"start":{},"end":{}}],"line":159},"8":{"loc":{"start":{"line":176,"column":4},"end":{"line":181,"column":5}},"type":"if","locations":[{"start":{"line":176,"column":4},"end":{"line":181,"column":5}},{"start":{},"end":{}}],"line":176},"9":{"loc":{"start":{"line":186,"column":4},"end":{"line":191,"column":5}},"type":"if","locations":[{"start":{"line":186,"column":4},"end":{"line":191,"column":5}},{"start":{},"end":{}}],"line":186},"10":{"loc":{"start":{"line":211,"column":4},"end":{"line":216,"column":5}},"type":"if","locations":[{"start":{"line":211,"column":4},"end":{"line":216,"column":5}},{"start":{},"end":{}}],"line":211},"11":{"loc":{"start":{"line":211,"column":10},"end":{"line":211,"column":33}},"type":"binary-expr","locations":[{"start":{"line":211,"column":10},"end":{"line":211,"column":14}},{"start":{"line":211,"column":18},"end":{"line":211,"column":33}}],"line":211}},"s":{"0":0,"1":0,"2":0,"3":0,"4":0,"5":0,"6":0,"7":0,"8":0,"9":0,"10":0,"11":0,"12":0,"13":0,"14":0,"15":0,"16":0,"17":0,"18":0,"19":0,"20":0,"21":0,"22":0,"23":0,"24":0,"25":0,"26":0,"27":0,"28":0,"29":0,"30":0,"31":0,"32":0,"33":0,"34":0,"35":0,"36":0,"37":0,"38":0,"39":0,"40":0,"41":0,"42":0,"43":0,"44":0,"45":0,"46":0,"47":0,"48":0,"49":0,"50":0,"51":0,"52":0,"53":0,"54":0,"55":0,"56":0,"57":0,"58":0,"59":0,"60":0,"61":0,"62":0,"63":0,"64":0,"65":0,"66":0,"67":0,"68":0,"69":0,"70":0,"71":0,"72":0,"73":0,"74":0,"75":0,"76":0,"77":0,"78":0},"f":{"0":0,"1":0,"2":0,"3":0,"4":0,"5":0,"6":0},"b":{"0":[0,0],"1":[0,0],"2":[0,0],"3":[0,0],"4":[0,0],"5":[0,0],"6":[0,0],"7":[0,0],"8":[0,0],"9":[0,0],"10":[0,0],"11":[0,0]},"all":true},"C:\\ĐỒ ÁN\\hospital-API-main\\src\\api\\v1\\features\\auth\\routes\\auth.routes.js":{"path":"C:\\ĐỒ ÁN\\hospital-API-main\\src\\api\\v1\\features\\auth\\routes\\auth.routes.js","statementMap":{"0":{"start":{"line":9,"column":19},"end":{"line":9,"column":27}},"1":{"start":{"line":13,"column":0},"end":{"line":18,"column":2}},"2":{"start":{"line":20,"column":0},"end":{"line":20,"column":80}},"3":{"start":{"line":23,"column":0},"end":{"line":23,"column":58}},"4":{"start":{"line":25,"column":0},"end":{"line":25,"column":68}},"5":{"start":{"line":27,"column":0},"end":{"line":30,"column":2}},"6":{"start":{"line":32,"column":0},"end":{"line":32,"column":80}},"7":{"start":{"line":34,"column":0},"end":{"line":38,"column":2}},"8":{"start":{"line":40,"column":0},"end":{"line":40,"column":74}}},"fnMap":{},"branchMap":{},"s":{"0":0,"1":0,"2":0,"3":0,"4":0,"5":0,"6":0,"7":0,"8":0},"f":{},"b":{},"all":true},"C:\\ĐỒ ÁN\\hospital-API-main\\src\\api\\v1\\features\\auth\\models\\user.model.js":{"path":"C:\\ĐỒ ÁN\\hospital-API-main\\src\\api\\v1\\features\\auth\\models\\user.model.js","statementMap":{"0":{"start":{"line":3,"column":19},"end":{"line":41,"column":1}},"1":{"start":{"line":19,"column":10},"end":{"line":19,"column":76}},"2":{"start":{"line":21,"column":28},"end":{"line":21,"column":74}},"3":{"start":{"line":43,"column":13},"end":{"line":43,"column":47}}},"fnMap":{"0":{"name":"(anonymous_0)","decl":{"start":{"line":17,"column":19},"end":{"line":17,"column":20}},"loc":{"start":{"line":17,"column":32},"end":{"line":20,"column":9}},"line":17},"1":{"name":"(anonymous_1)","decl":{"start":{"line":21,"column":17},"end":{"line":21,"column":18}},"loc":{"start":{"line":21,"column":28},"end":{"line":21,"column":74}},"line":21}},"branchMap":{},"s":{"0":0,"1":0,"2":0,"3":0},"f":{"0":0,"1":0},"b":{},"all":true},"C:\\ĐỒ ÁN\\hospital-API-main\\src\\api\\v1\\features\\auth\\models\\token.model.js":{"path":"C:\\ĐỒ ÁN\\hospital-API-main\\src\\api\\v1\\features\\auth\\models\\token.model.js","statementMap":{"0":{"start":{"line":3,"column":20},"end":{"line":17,"column":2}},"1":{"start":{"line":19,"column":14},"end":{"line":19,"column":50}}},"fnMap":{},"branchMap":{},"s":{"0":0,"1":0},"f":{},"b":{},"all":true},"C:\\ĐỒ ÁN\\hospital-API-main\\src\\api\\v1\\features\\auth\\models\\session.model.js":{"path":"C:\\ĐỒ ÁN\\hospital-API-main\\src\\api\\v1\\features\\auth\\models\\session.model.js","statementMap":{"0":{"start":{"line":3,"column":22},"end":{"line":3,"column":45}},"1":{"start":{"line":5,"column":16},"end":{"line":5,"column":56}}},"fnMap":{},"branchMap":{},"s":{"0":0,"1":0},"f":{},"b":{},"all":true},"C:\\ĐỒ ÁN\\hospital-API-main\\src\\api\\v1\\features\\auth\\middlewares\\isLoggedIn.js":{"path":"C:\\ĐỒ ÁN\\hospital-API-main\\src\\api\\v1\\features\\auth\\middlewares\\isLoggedIn.js","statementMap":{"0":{"start":{"line":5,"column":19},"end":{"line":13,"column":2}},"1":{"start":{"line":6,"column":40},"end":{"line":6,"column":51}},"2":{"start":{"line":7,"column":2},"end":{"line":10,"column":3}},"3":{"start":{"line":8,"column":4},"end":{"line":8,"column":33}},"4":{"start":{"line":9,"column":4},"end":{"line":9,"column":48}},"5":{"start":{"line":12,"column":2},"end":{"line":12,"column":16}}},"fnMap":{"0":{"name":"(anonymous_0)","decl":{"start":{"line":5,"column":32},"end":{"line":5,"column":33}},"loc":{"start":{"line":5,"column":58},"end":{"line":13,"column":1}},"line":5}},"branchMap":{"0":{"loc":{"start":{"line":7,"column":2},"end":{"line":10,"column":3}},"type":"if","locations":[{"start":{"line":7,"column":2},"end":{"line":10,"column":3}},{"start":{},"end":{}}],"line":7},"1":{"loc":{"start":{"line":7,"column":6},"end":{"line":7,"column":33}},"type":"binary-expr","locations":[{"start":{"line":7,"column":6},"end":{"line":7,"column":17}},{"start":{"line":7,"column":21},"end":{"line":7,"column":33}}],"line":7}},"s":{"0":0,"1":0,"2":0,"3":0,"4":0,"5":0},"f":{"0":0},"b":{"0":[0,0],"1":[0,0]},"all":true},"C:\\ĐỒ ÁN\\hospital-API-main\\src\\api\\v1\\features\\auth\\controllers\\auth.controller.js":{"path":"C:\\ĐỒ ÁN\\hospital-API-main\\src\\api\\v1\\features\\auth\\controllers\\auth.controller.js","statementMap":{"0":{"start":{"line":9,"column":14},"end":{"line":25,"column":4}},"1":{"start":{"line":10,"column":32},"end":{"line":10,"column":40}},"2":{"start":{"line":12,"column":18},"end":{"line":12,"column":66}},"3":{"start":{"line":15,"column":50},"end":{"line":15,"column":55}},"4":{"start":{"line":17,"column":4},"end":{"line":17,"column":42}},"5":{"start":{"line":18,"column":4},"end":{"line":18,"column":44}},"6":{"start":{"line":19,"column":4},"end":{"line":19,"column":32}},"7":{"start":{"line":22,"column":4},"end":{"line":24,"column":61}},"8":{"start":{"line":27,"column":17},"end":{"line":42,"column":4}},"9":{"start":{"line":28,"column":42},"end":{"line":28,"column":50}},"10":{"start":{"line":30,"column":20},"end":{"line":30,"column":79}},"11":{"start":{"line":32,"column":4},"end":{"line":36,"column":6}},"12":{"start":{"line":39,"column":4},"end":{"line":41,"column":56}},"13":{"start":{"line":44,"column":19},"end":{"line":55,"column":4}},"14":{"start":{"line":45,"column":42},"end":{"line":45,"column":53}},"15":{"start":{"line":46,"column":4},"end":{"line":48,"column":5}},"16":{"start":{"line":47,"column":6},"end":{"line":47,"column":78}},"17":{"start":{"line":50,"column":4},"end":{"line":50,"column":30}},"18":{"start":{"line":51,"column":4},"end":{"line":51,"column":35}},"19":{"start":{"line":52,"column":4},"end":{"line":52,"column":52}},"20":{"start":{"line":53,"column":4},"end":{"line":53,"column":54}},"21":{"start":{"line":54,"column":4},"end":{"line":54,"column":79}},"22":{"start":{"line":57,"column":19},"end":{"line":80,"column":4}},"23":{"start":{"line":58,"column":23},"end":{"line":58,"column":31}},"24":{"start":{"line":59,"column":32},"end":{"line":59,"column":40}},"25":{"start":{"line":61,"column":4},"end":{"line":65,"column":5}},"26":{"start":{"line":62,"column":6},"end":{"line":64,"column":80}},"27":{"start":{"line":67,"column":23},"end":{"line":67,"column":42}},"28":{"start":{"line":69,"column":4},"end":{"line":75,"column":7}},"29":{"start":{"line":71,"column":6},"end":{"line":74,"column":7}},"30":{"start":{"line":73,"column":8},"end":{"line":73,"column":31}},"31":{"start":{"line":77,"column":23},"end":{"line":77,"column":71}},"32":{"start":{"line":79,"column":4},"end":{"line":79,"column":55}},"33":{"start":{"line":82,"column":29},"end":{"line":94,"column":4}},"34":{"start":{"line":83,"column":22},"end":{"line":83,"column":30}},"35":{"start":{"line":84,"column":4},"end":{"line":89,"column":5}},"36":{"start":{"line":85,"column":6},"end":{"line":88,"column":8}},"37":{"start":{"line":91,"column":22},"end":{"line":91,"column":67}},"38":{"start":{"line":93,"column":4},"end":{"line":93,"column":73}},"39":{"start":{"line":96,"column":34},"end":{"line":111,"column":4}},"40":{"start":{"line":97,"column":30},"end":{"line":97,"column":39}},"41":{"start":{"line":98,"column":4},"end":{"line":103,"column":5}},"42":{"start":{"line":99,"column":6},"end":{"line":102,"column":8}},"43":{"start":{"line":105,"column":23},"end":{"line":108,"column":5}},"44":{"start":{"line":110,"column":4},"end":{"line":110,"column":74}},"45":{"start":{"line":113,"column":22},"end":{"line":126,"column":4}},"46":{"start":{"line":114,"column":40},"end":{"line":114,"column":48}},"47":{"start":{"line":115,"column":20},"end":{"line":119,"column":6}},"48":{"start":{"line":121,"column":4},"end":{"line":125,"column":7}},"49":{"start":{"line":128,"column":19},"end":{"line":142,"column":4}},"50":{"start":{"line":129,"column":22},"end":{"line":129,"column":30}},"51":{"start":{"line":130,"column":25},"end":{"line":130,"column":33}},"52":{"start":{"line":131,"column":4},"end":{"line":135,"column":5}},"53":{"start":{"line":132,"column":6},"end":{"line":134,"column":68}},"54":{"start":{"line":137,"column":24},"end":{"line":137,"column":69}},"55":{"start":{"line":138,"column":4},"end":{"line":138,"column":30}},"56":{"start":{"line":139,"column":4},"end":{"line":139,"column":35}},"57":{"start":{"line":141,"column":4},"end":{"line":141,"column":56}},"58":{"start":{"line":145,"column":23},"end":{"line":145,"column":43}}},"fnMap":{"0":{"name":"(anonymous_0)","decl":{"start":{"line":9,"column":27},"end":{"line":9,"column":28}},"loc":{"start":{"line":9,"column":47},"end":{"line":25,"column":3}},"line":9},"1":{"name":"(anonymous_1)","decl":{"start":{"line":27,"column":30},"end":{"line":27,"column":31}},"loc":{"start":{"line":27,"column":50},"end":{"line":42,"column":3}},"line":27},"2":{"name":"(anonymous_2)","decl":{"start":{"line":44,"column":32},"end":{"line":44,"column":33}},"loc":{"start":{"line":44,"column":52},"end":{"line":55,"column":3}},"line":44},"3":{"name":"(anonymous_3)","decl":{"start":{"line":57,"column":32},"end":{"line":57,"column":33}},"loc":{"start":{"line":57,"column":52},"end":{"line":80,"column":3}},"line":57},"4":{"name":"(anonymous_4)","decl":{"start":{"line":69,"column":36},"end":{"line":69,"column":37}},"loc":{"start":{"line":69,"column":45},"end":{"line":75,"column":5}},"line":69},"5":{"name":"(anonymous_5)","decl":{"start":{"line":82,"column":42},"end":{"line":82,"column":43}},"loc":{"start":{"line":82,"column":62},"end":{"line":94,"column":3}},"line":82},"6":{"name":"(anonymous_6)","decl":{"start":{"line":96,"column":47},"end":{"line":96,"column":48}},"loc":{"start":{"line":96,"column":67},"end":{"line":111,"column":3}},"line":96},"7":{"name":"(anonymous_7)","decl":{"start":{"line":113,"column":35},"end":{"line":113,"column":36}},"loc":{"start":{"line":113,"column":55},"end":{"line":126,"column":3}},"line":113},"8":{"name":"(anonymous_8)","decl":{"start":{"line":128,"column":32},"end":{"line":128,"column":33}},"loc":{"start":{"line":128,"column":52},"end":{"line":142,"column":3}},"line":128}},"branchMap":{"0":{"loc":{"start":{"line":46,"column":4},"end":{"line":48,"column":5}},"type":"if","locations":[{"start":{"line":46,"column":4},"end":{"line":48,"column":5}},{"start":{},"end":{}}],"line":46},"1":{"loc":{"start":{"line":46,"column":10},"end":{"line":46,"column":37}},"type":"binary-expr","locations":[{"start":{"line":46,"column":10},"end":{"line":46,"column":21}},{"start":{"line":46,"column":25},"end":{"line":46,"column":37}}],"line":46},"2":{"loc":{"start":{"line":61,"column":4},"end":{"line":65,"column":5}},"type":"if","locations":[{"start":{"line":61,"column":4},"end":{"line":65,"column":5}},{"start":{},"end":{}}],"line":61},"3":{"loc":{"start":{"line":61,"column":10},"end":{"line":61,"column":27}},"type":"binary-expr","locations":[{"start":{"line":61,"column":10},"end":{"line":61,"column":18}},{"start":{"line":61,"column":22},"end":{"line":61,"column":27}}],"line":61},"4":{"loc":{"start":{"line":71,"column":6},"end":{"line":74,"column":7}},"type":"if","locations":[{"start":{"line":71,"column":6},"end":{"line":74,"column":7}},{"start":{},"end":{}}],"line":71},"5":{"loc":{"start":{"line":84,"column":4},"end":{"line":89,"column":5}},"type":"if","locations":[{"start":{"line":84,"column":4},"end":{"line":89,"column":5}},{"start":{},"end":{}}],"line":84},"6":{"loc":{"start":{"line":98,"column":4},"end":{"line":103,"column":5}},"type":"if","locations":[{"start":{"line":98,"column":4},"end":{"line":103,"column":5}},{"start":{},"end":{}}],"line":98},"7":{"loc":{"start":{"line":98,"column":10},"end":{"line":98,"column":25}},"type":"binary-expr","locations":[{"start":{"line":98,"column":10},"end":{"line":98,"column":15}},{"start":{"line":98,"column":19},"end":{"line":98,"column":25}}],"line":98},"8":{"loc":{"start":{"line":131,"column":4},"end":{"line":135,"column":5}},"type":"if","locations":[{"start":{"line":131,"column":4},"end":{"line":135,"column":5}},{"start":{},"end":{}}],"line":131}},"s":{"0":0,"1":0,"2":0,"3":0,"4":0,"5":0,"6":0,"7":0,"8":0,"9":0,"10":0,"11":0,"12":0,"13":0,"14":0,"15":0,"16":0,"17":0,"18":0,"19":0,"20":0,"21":0,"22":0,"23":0,"24":0,"25":0,"26":0,"27":0,"28":0,"29":0,"30":0,"31":0,"32":0,"33":0,"34":0,"35":0,"36":0,"37":0,"38":0,"39":0,"40":0,"41":0,"42":0,"43":0,"44":0,"45":0,"46":0,"47":0,"48":0,"49":0,"50":0,"51":0,"52":0,"53":0,"54":0,"55":0,"56":0,"57":0,"58":0},"f":{"0":0,"1":0,"2":0,"3":0,"4":0,"5":0,"6":0,"7":0,"8":0},"b":{"0":[0,0],"1":[0,0],"2":[0,0],"3":[0,0],"4":[0,0],"5":[0,0],"6":[0,0],"7":[0,0],"8":[0,0]},"all":true}}